<?xml version="1.0" encoding="UTF-8"?>
<!-- Generated by org.testng.reporters.JUnitReportReporter -->
<testsuite name="Base.Base" tests="1" time="0.007" ignored="0" failures="0" timestamp="18 Feb 2018 14:01:09 GMT" skipped="0" hostname="Vish-PC" errors="0">
  <testcase name="method1" time="0.007" classname="Base.Base"/>
</testsuite> <!-- Base.Base -->
