<?xml version="1.0" encoding="UTF-8"?>
<!-- Generated by org.testng.reporters.JUnitReportReporter -->
<testsuite name="Base.Base" tests="1" time="0.008" ignored="0" failures="0" timestamp="18 Feb 2018 11:24:37 GMT" skipped="0" hostname="Vish-PC" errors="0">
  <testcase name="method1" time="0.008" classname="Base.Base"/>
</testsuite> <!-- Base.Base -->
